<?xml version="1.0" encoding="UTF-8"?>
<!-- Generated by org.testng.reporters.JUnitReportReporter -->
<testsuite skipped="0" hostname="DESKTOP-LBK7DAS" name="com.crm.qa.testcases.HomePageTest" tests="5" failures="0" timestamp="28 Nov 2018 14:54:36 GMT" time="75.257" errors="0">
  <testcase name="verifyHomePageTitleTest" time="16.468" classname="com.crm.qa.testcases.HomePageTest"/>
  <testcase name="verifyLoginUserTest" time="13.617" classname="com.crm.qa.testcases.HomePageTest"/>
  <testcase name="verifyContactsLinkTest" time="14.855" classname="com.crm.qa.testcases.HomePageTest"/>
  <testcase name="verifyDealsLinkTest" time="15.173" classname="com.crm.qa.testcases.HomePageTest"/>
  <testcase name="verifyTasksLinkTest" time="15.144" classname="com.crm.qa.testcases.HomePageTest"/>
</testsuite> <!-- com.crm.qa.testcases.HomePageTest -->
