<?xml version="1.0" encoding="UTF-8"?>
<!-- Generated by org.testng.reporters.JUnitReportReporter -->
<testsuite skipped="0" hostname="DESKTOP-LBK7DAS" name="com.crm.qa.testcases.LoginPageTest" tests="3" failures="0" timestamp="28 Nov 2018 14:54:36 GMT" time="31.223" errors="0">
  <testcase name="loginPageTitleTest" time="8.737" classname="com.crm.qa.testcases.LoginPageTest"/>
  <testcase name="crmLogoImageTest" time="8.022" classname="com.crm.qa.testcases.LoginPageTest"/>
  <testcase name="loginTest" time="14.464" classname="com.crm.qa.testcases.LoginPageTest"/>
</testsuite> <!-- com.crm.qa.testcases.LoginPageTest -->
